#
# A fatal error has been detected by the Java Runtime Environment:
#
#  EXCEPTION_ACCESS_VIOLATION (0xc0000005) at pc=0x00000001800044cb, pid=16064, tid=19380
#
# JRE version: Java(TM) SE Runtime Environment (12.0.1+12) (build 12.0.1+12)
# Java VM: Java HotSpot(TM) 64-Bit Server VM (12.0.1+12, mixed mode, sharing, tiered, compressed oops, g1 gc, windows-amd64)
# Problematic frame:
# C  [rxtxSerial.dll+0x44cb]
#
# No core dump will be written. Minidumps are not enabled by default on client versions of Windows
#
# If you would like to submit a bug report, please visit:
#   http://bugreport.java.com/bugreport/crash.jsp
# The crash happened outside the Java Virtual Machine in native code.
# See problematic frame for where to report the bug.
#

---------------  S U M M A R Y ------------

Command Line: MultiWiiConf

Host: Intel(R) Core(TM) i7-4790K CPU @ 4.00GHz, 8 cores, 15G,  Windows 10 , 64 bit Build 17134 (10.0.17134.753)
Time: Thu Jun 13 19:32:56 2019 ¢¥eCN©öI¡¾©ö C¡ÍA¨ª¨öA elapsed time: 4 seconds (0d 0h 0m 4s)

---------------  T H R E A D  ---------------

Current thread (0x00000218dcf67000):  JavaThread "Animation Thread" [_thread_in_native, id=19380, stack(0x000000643fa70000,0x000000643fb70000)]

Stack: [0x000000643fa70000,0x000000643fb70000],  sp=0x000000643fb6e510,  free space=1017k
Native frames: (J=compiled Java code, j=interpreted, Vv=VM code, C=native code)
C  [rxtxSerial.dll+0x44cb]

Java frames: (J=compiled Java code, j=interpreted, Vv=VM code)
j  gnu.io.RXTXPort.nativeDrain(Z)Z+0
j  gnu.io.RXTXPort$SerialOutputStream.flush()V+92
j  processing.serial.Serial.write([B)V+12
j  MultiWiiConf.sendRequestMSP(Ljava/util/List;)V+60
j  MultiWiiConf.draw()V+934
j  processing.core.PApplet.handleDraw()V+145
j  processing.core.PApplet.run()V+72
j  java.lang.Thread.run()V+11 java.base@12.0.1
v  ~StubRoutines::call_stub

siginfo: EXCEPTION_ACCESS_VIOLATION (0xc0000005), reading address 0x0000000040a7f0fc


Register to memory mapping:

RIP=0x00000001800044cb rxtxSerial.dll
RAX=0x000000000000001c is an unknown value
RBX=0x0000000000000001 is an unknown value
RCX=0x000000643fb6e8ec is pointing into the stack for thread: 0x00000218dcf67000
RDX=0x0 is NULL
RSP=0x000000643fb6e510 is pointing into the stack for thread: 0x00000218dcf67000
RBP=0x0000000000000001 is an unknown value
RSI=0x0 is NULL
RDI=0x00000218dcf67330 points into unknown readable memory: e0 1d 5f af fb 7f 00 00
R8 =0x000000643fb6e1d0 is pointing into the stack for thread: 0x00000218dcf67000
R9 =0x0000000180000000 rxtxSerial.dll
R10=0x0 is NULL
R11=0x0000000000000200 is an unknown value
R12=0x0000000040a7f0f0 is an unknown value
R13=0x0 is NULL
R14=0x000000643fb6ea08 is pointing into the stack for thread: 0x00000218dcf67000
R15=0x00000218dcf67000 is a thread


Registers:
RAX=0x000000000000001c, RBX=0x0000000000000001, RCX=0x000000643fb6e8ec, RDX=0x0000000000000000
RSP=0x000000643fb6e510, RBP=0x0000000000000001, RSI=0x0000000000000000, RDI=0x00000218dcf67330
R8 =0x000000643fb6e1d0, R9 =0x0000000180000000, R10=0x0000000000000000, R11=0x0000000000000200
R12=0x0000000040a7f0f0, R13=0x0000000000000000, R14=0x000000643fb6ea08, R15=0x00000218dcf67000
RIP=0x00000001800044cb, EFLAGS=0x0000000000010206

Top of Stack: (sp=0x000000643fb6e510)
0x000000643fb6e510:   00000218e2454868 000000018001c4c0
0x000000643fb6e520:   0000000000000000 0000000000000001
0x000000643fb6e530:   00000218dcf67000 00007ffbaf2a08d8
0x000000643fb6e540:   000000643fb6ea08 00000218d3a22630
0x000000643fb6e550:   000000643fb6e730 000000070f30c688
0x000000643fb6e560:   00000218af704880 00007ffbaf2a0547
0x000000643fb6e570:   000000643fb6e5c0 00000218dcf67000
0x000000643fb6e580:   000000080040b5c0 000000080040dab0
0x000000643fb6e590:   00000218dcf67000 00007ffbaf2a08d8
0x000000643fb6e5a0:   0000000001200020 00000218af704880
0x000000643fb6e5b0:   00000218d3b80000 00007ffbaf1ed125
0x000000643fb6e5c0:   00000218af704880 00007ffbaf2a010a
0x000000643fb6e5d0:   000000643fb6e640 0000021800000004
0x000000643fb6e5e0:   00000000002f0000 00000218dcf67000
0x000000643fb6e5f0:   00000218dcf67000 00007ffbaef73be8
0x000000643fb6e600:   000000643fb6e700 00000218af704880 

Instructions: (pc=0x00000001800044cb)
0x00000001800044ab:   1f 48 8b d3 48 8b cf 41 ff 93 b8 00 00 00 45 84
0x00000001800044bb:   ed 0f 85 b7 00 00 00 4d 85 e4 0f 84 ae 00 00 00
0x00000001800044cb:   41 83 7c 24 0c 00 0f 84 a2 00 00 00 48 8d 4c 24
0x00000001800044db:   38 49 8b d4 41 b8 40 03 00 00 e8 06 64 00 00 4c 


Stack slot to memory mapping:
stack at sp + 0 slots: {method} {0x00000218e2454870} 'nativeDrain' '(Z)Z' in 'gnu/io/RXTXPort'
stack at sp + 1 slots: 0x000000018001c4c0 rxtxSerial.dll
stack at sp + 2 slots: 0x0 is NULL
stack at sp + 3 slots: 0x0000000000000001 is an unknown value
stack at sp + 4 slots: 0x00000218dcf67000 is a thread
stack at sp + 5 slots: 0x00007ffbaf2a08d8 jvm.dll
stack at sp + 6 slots: 0x000000643fb6ea08 is pointing into the stack for thread: 0x00000218dcf67000
stack at sp + 7 slots: 0x00000218d3a22630 points into unknown readable memory: 4a 61 76 61 5f 67 6e 75


---------------  P R O C E S S  ---------------

Threads class SMR info:
_java_thread_list=0x00000218dd23cc90, length=18, elements={
0x00000218d39f7000, 0x00000218d39f8000, 0x00000218d3a15000, 0x00000218d3a16000,
0x00000218d3a18000, 0x00000218d3a20800, 0x00000218d3a21800, 0x00000218d3b6f000,
0x00000218d3b79800, 0x00000218d3c69000, 0x00000218d3fd1800, 0x00000218d3fdc800,
0x00000218d469e000, 0x00000218dce8b000, 0x00000218dcf67000, 0x00000218dcf83000,
0x00000218af708800, 0x00000218e36a2000
}

Java Threads: ( => current thread )
  0x00000218d39f7000 JavaThread "Reference Handler" daemon [_thread_blocked, id=9804, stack(0x000000643e900000,0x000000643ea00000)]
  0x00000218d39f8000 JavaThread "Finalizer" daemon [_thread_blocked, id=17240, stack(0x000000643ea00000,0x000000643eb00000)]
  0x00000218d3a15000 JavaThread "Signal Dispatcher" daemon [_thread_blocked, id=25580, stack(0x000000643eb00000,0x000000643ec00000)]
  0x00000218d3a16000 JavaThread "Attach Listener" daemon [_thread_blocked, id=17016, stack(0x000000643ec00000,0x000000643ed00000)]
  0x00000218d3a18000 JavaThread "C2 CompilerThread0" daemon [_thread_blocked, id=25188, stack(0x000000643ed00000,0x000000643ee00000)]
  0x00000218d3a20800 JavaThread "C1 CompilerThread0" daemon [_thread_blocked, id=23332, stack(0x000000643ee00000,0x000000643ef00000)]
  0x00000218d3a21800 JavaThread "Sweeper thread" daemon [_thread_blocked, id=22968, stack(0x000000643ef00000,0x000000643f000000)]
  0x00000218d3b6f000 JavaThread "Service Thread" daemon [_thread_blocked, id=15068, stack(0x000000643f000000,0x000000643f100000)]
  0x00000218d3b79800 JavaThread "Common-Cleaner" daemon [_thread_blocked, id=19308, stack(0x000000643f200000,0x000000643f300000)]
  0x00000218d3c69000 JavaThread "Java2D Disposer" daemon [_thread_blocked, id=22588, stack(0x000000643f300000,0x000000643f400000)]
  0x00000218d3fd1800 JavaThread "AWT-Shutdown" [_thread_blocked, id=24684, stack(0x000000643f400000,0x000000643f500000)]
  0x00000218d3fdc800 JavaThread "AWT-Windows" daemon [_thread_in_native, id=25732, stack(0x000000643f500000,0x000000643f600000)]
  0x00000218d469e000 JavaThread "AWT-EventQueue-0" [_thread_blocked, id=19484, stack(0x000000643f870000,0x000000643f970000)]
  0x00000218dce8b000 JavaThread "Image Fetcher 0" daemon [_thread_blocked, id=5780, stack(0x000000643f970000,0x000000643fa70000)]
=>0x00000218dcf67000 JavaThread "Animation Thread" [_thread_in_native, id=19380, stack(0x000000643fa70000,0x000000643fb70000)]
  0x00000218dcf83000 JavaThread "D3D Screen Updater" daemon [_thread_blocked, id=10784, stack(0x000000643fb70000,0x000000643fc70000)]
  0x00000218af708800 JavaThread "DestroyJavaVM" [_thread_blocked, id=18268, stack(0x000000643e200000,0x000000643e300000)]
  0x00000218e36a2000 JavaThread "Thread-0" [_thread_in_native, id=23056, stack(0x0000006440980000,0x0000006440a80000)]

Other Threads:
  0x00000218d39f4000 VMThread "VM Thread" [stack: 0x000000643e800000,0x000000643e900000] [id=25184]
  0x00000218d3b70800 WatcherThread [stack: 0x000000643f100000,0x000000643f200000] [id=16892]
  0x00000218af76f800 GCTaskThread "GC Thread#0" [stack: 0x000000643e300000,0x000000643e400000] [id=13136]
  0x00000218dd854000 GCTaskThread "GC Thread#1" [stack: 0x0000006440280000,0x0000006440380000] [id=12804]
  0x00000218dd854800 GCTaskThread "GC Thread#2" [stack: 0x0000006440380000,0x0000006440480000] [id=15600]
  0x00000218dd8bc800 GCTaskThread "GC Thread#3" [stack: 0x0000006440480000,0x0000006440580000] [id=25204]
  0x00000218dd917000 GCTaskThread "GC Thread#4" [stack: 0x0000006440580000,0x0000006440680000] [id=9788]
  0x00000218dd8bf000 GCTaskThread "GC Thread#5" [stack: 0x0000006440680000,0x0000006440780000] [id=14560]
  0x00000218dd8c0000 GCTaskThread "GC Thread#6" [stack: 0x0000006440780000,0x0000006440880000] [id=21864]
  0x00000218dd8c0800 GCTaskThread "GC Thread#7" [stack: 0x0000006440880000,0x0000006440980000] [id=18500]
  0x00000218af78a000 ConcurrentGCThread "G1 Main Marker" [stack: 0x000000643e400000,0x000000643e500000] [id=21684]
  0x00000218af78c800 ConcurrentGCThread "G1 Conc#0" [stack: 0x000000643e500000,0x000000643e600000] [id=23140]
  0x00000218d306a000 ConcurrentGCThread "G1 Refine#0" [stack: 0x000000643e600000,0x000000643e700000] [id=13512]
  0x00000218d306c000 ConcurrentGCThread "G1 Young RemSet Sampling" [stack: 0x000000643e700000,0x000000643e800000] [id=1836]

Threads with active compile tasks:

VM state:not at safepoint (normal execution)

VM Mutex/Monitor currently owned by a thread: None

Heap address: 0x0000000700c00000, size: 4084 MB, Compressed Oops mode: Zero based, Oop shift amount: 3
Narrow klass base: 0x0000000800000000, Narrow klass shift: 3
Compressed class space size: 1073741824 Address: 0x00000008011a0000

Heap:
 garbage-first heap   total 262144K, used 105598K [0x0000000700c00000, 0x0000000800000000)
  region size 1024K, 103 young (105472K), 3 survivors (3072K)
 Metaspace       used 11432K, capacity 11675K, committed 11904K, reserved 1060864K
  class space    used 968K, capacity 1079K, committed 1152K, reserved 1048576K
Heap Regions: E=young(eden), S=young(survivor), O=old, HS=humongous(starts), HC=humongous(continues), CS=collection set, F=free, A=archive, TAMS=top-at-mark-start (previous, next)
|   0|0x0000000700c00000, 0x0000000700d00000, 0x0000000700d00000|100%| O|  |TAMS 0x0000000700c00000, 0x0000000700c00000| Untracked 
|   1|0x0000000700d00000, 0x0000000700d1fa00, 0x0000000700e00000| 12%| O|  |TAMS 0x0000000700d00000, 0x0000000700d00000| Untracked 
|   2|0x0000000700e00000, 0x0000000700e00000, 0x0000000700f00000|  0%| F|  |TAMS 0x0000000700e00000, 0x0000000700e00000| Untracked 
|   3|0x0000000700f00000, 0x0000000700f00000, 0x0000000701000000|  0%| F|  |TAMS 0x0000000700f00000, 0x0000000700f00000| Untracked 
|   4|0x0000000701000000, 0x0000000701000000, 0x0000000701100000|  0%| F|  |TAMS 0x0000000701000000, 0x0000000701000000| Untracked 
|   5|0x0000000701100000, 0x0000000701100000, 0x0000000701200000|  0%| F|  |TAMS 0x0000000701100000, 0x0000000701100000| Untracked 
|   6|0x0000000701200000, 0x0000000701200000, 0x0000000701300000|  0%| F|  |TAMS 0x0000000701200000, 0x0000000701200000| Untracked 
|   7|0x0000000701300000, 0x0000000701300000, 0x0000000701400000|  0%| F|  |TAMS 0x0000000701300000, 0x0000000701300000| Untracked 
|   8|0x0000000701400000, 0x0000000701400000, 0x0000000701500000|  0%| F|  |TAMS 0x0000000701400000, 0x0000000701400000| Untracked 
|   9|0x0000000701500000, 0x0000000701500000, 0x0000000701600000|  0%| F|  |TAMS 0x0000000701500000, 0x0000000701500000| Untracked 
|  10|0x0000000701600000, 0x0000000701600000, 0x0000000701700000|  0%| F|  |TAMS 0x0000000701600000, 0x0000000701600000| Untracked 
|  11|0x0000000701700000, 0x0000000701700000, 0x0000000701800000|  0%| F|  |TAMS 0x0000000701700000, 0x0000000701700000| Untracked 
|  12|0x0000000701800000, 0x0000000701800000, 0x0000000701900000|  0%| F|  |TAMS 0x0000000701800000, 0x0000000701800000| Untracked 
|  13|0x0000000701900000, 0x0000000701900000, 0x0000000701a00000|  0%| F|  |TAMS 0x0000000701900000, 0x0000000701900000| Untracked 
|  14|0x0000000701a00000, 0x0000000701a00000, 0x0000000701b00000|  0%| F|  |TAMS 0x0000000701a00000, 0x0000000701a00000| Untracked 
|  15|0x0000000701b00000, 0x0000000701b00000, 0x0000000701c00000|  0%| F|  |TAMS 0x0000000701b00000, 0x0000000701b00000| Untracked 
|  16|0x0000000701c00000, 0x0000000701c00000, 0x0000000701d00000|  0%| F|  |TAMS 0x0000000701c00000, 0x0000000701c00000| Untracked 
|  17|0x0000000701d00000, 0x0000000701d00000, 0x0000000701e00000|  0%| F|  |TAMS 0x0000000701d00000, 0x0000000701d00000| Untracked 
|  18|0x0000000701e00000, 0x0000000701e00000, 0x0000000701f00000|  0%| F|  |TAMS 0x0000000701e00000, 0x0000000701e00000| Untracked 
|  19|0x0000000701f00000, 0x0000000701f00000, 0x0000000702000000|  0%| F|  |TAMS 0x0000000701f00000, 0x0000000701f00000| Untracked 
|  20|0x0000000702000000, 0x0000000702000000, 0x0000000702100000|  0%| F|  |TAMS 0x0000000702000000, 0x0000000702000000| Untracked 
|  21|0x0000000702100000, 0x0000000702100000, 0x0000000702200000|  0%| F|  |TAMS 0x0000000702100000, 0x0000000702100000| Untracked 
|  22|0x0000000702200000, 0x0000000702200000, 0x0000000702300000|  0%| F|  |TAMS 0x0000000702200000, 0x0000000702200000| Untracked 
|  23|0x0000000702300000, 0x0000000702300000, 0x0000000702400000|  0%| F|  |TAMS 0x0000000702300000, 0x0000000702300000| Untracked 
|  24|0x0000000702400000, 0x0000000702400000, 0x0000000702500000|  0%| F|  |TAMS 0x0000000702400000, 0x0000000702400000| Untracked 
|  25|0x0000000702500000, 0x0000000702500000, 0x0000000702600000|  0%| F|  |TAMS 0x0000000702500000, 0x0000000702500000| Untracked 
|  26|0x0000000702600000, 0x0000000702600000, 0x0000000702700000|  0%| F|  |TAMS 0x0000000702600000, 0x0000000702600000| Untracked 
|  27|0x0000000702700000, 0x0000000702700000, 0x0000000702800000|  0%| F|  |TAMS 0x0000000702700000, 0x0000000702700000| Untracked 
|  28|0x0000000702800000, 0x0000000702800000, 0x0000000702900000|  0%| F|  |TAMS 0x0000000702800000, 0x0000000702800000| Untracked 
|  29|0x0000000702900000, 0x0000000702900000, 0x0000000702a00000|  0%| F|  |TAMS 0x0000000702900000, 0x0000000702900000| Untracked 
|  30|0x0000000702a00000, 0x0000000702a00000, 0x0000000702b00000|  0%| F|  |TAMS 0x0000000702a00000, 0x0000000702a00000| Untracked 
|  31|0x0000000702b00000, 0x0000000702b00000, 0x0000000702c00000|  0%| F|  |TAMS 0x0000000702b00000, 0x0000000702b00000| Untracked 
|  32|0x0000000702c00000, 0x0000000702c00000, 0x0000000702d00000|  0%| F|  |TAMS 0x0000000702c00000, 0x0000000702c00000| Untracked 
|  33|0x0000000702d00000, 0x0000000702d00000, 0x0000000702e00000|  0%| F|  |TAMS 0x0000000702d00000, 0x0000000702d00000| Untracked 
|  34|0x0000000702e00000, 0x0000000702e00000, 0x0000000702f00000|  0%| F|  |TAMS 0x0000000702e00000, 0x0000000702e00000| Untracked 
|  35|0x0000000702f00000, 0x0000000702f00000, 0x0000000703000000|  0%| F|  |TAMS 0x0000000702f00000, 0x0000000702f00000| Untracked 
|  36|0x0000000703000000, 0x0000000703000000, 0x0000000703100000|  0%| F|  |TAMS 0x0000000703000000, 0x0000000703000000| Untracked 
|  37|0x0000000703100000, 0x0000000703100000, 0x0000000703200000|  0%| F|  |TAMS 0x0000000703100000, 0x0000000703100000| Untracked 
|  38|0x0000000703200000, 0x0000000703200000, 0x0000000703300000|  0%| F|  |TAMS 0x0000000703200000, 0x0000000703200000| Untracked 
|  39|0x0000000703300000, 0x0000000703300000, 0x0000000703400000|  0%| F|  |TAMS 0x0000000703300000, 0x0000000703300000| Untracked 
|  40|0x0000000703400000, 0x0000000703400000, 0x0000000703500000|  0%| F|  |TAMS 0x0000000703400000, 0x0000000703400000| Untracked 
|  41|0x0000000703500000, 0x0000000703500000, 0x0000000703600000|  0%| F|  |TAMS 0x0000000703500000, 0x0000000703500000| Untracked 
|  42|0x0000000703600000, 0x0000000703600000, 0x0000000703700000|  0%| F|  |TAMS 0x0000000703600000, 0x0000000703600000| Untracked 
|  43|0x0000000703700000, 0x0000000703700000, 0x0000000703800000|  0%| F|  |TAMS 0x0000000703700000, 0x0000000703700000| Untracked 
|  44|0x0000000703800000, 0x0000000703800000, 0x0000000703900000|  0%| F|  |TAMS 0x0000000703800000, 0x0000000703800000| Untracked 
|  45|0x0000000703900000, 0x0000000703900000, 0x0000000703a00000|  0%| F|  |TAMS 0x0000000703900000, 0x0000000703900000| Untracked 
|  46|0x0000000703a00000, 0x0000000703a00000, 0x0000000703b00000|  0%| F|  |TAMS 0x0000000703a00000, 0x0000000703a00000| Untracked 
|  47|0x0000000703b00000, 0x0000000703b00000, 0x0000000703c00000|  0%| F|  |TAMS 0x0000000703b00000, 0x0000000703b00000| Untracked 
|  48|0x0000000703c00000, 0x0000000703c00000, 0x0000000703d00000|  0%| F|  |TAMS 0x0000000703c00000, 0x0000000703c00000| Untracked 
|  49|0x0000000703d00000, 0x0000000703d00000, 0x0000000703e00000|  0%| F|  |TAMS 0x0000000703d00000, 0x0000000703d00000| Untracked 
|  50|0x0000000703e00000, 0x0000000703e00000, 0x0000000703f00000|  0%| F|  |TAMS 0x0000000703e00000, 0x0000000703e00000| Untracked 
|  51|0x0000000703f00000, 0x0000000703f00000, 0x0000000704000000|  0%| F|  |TAMS 0x0000000703f00000, 0x0000000703f00000| Untracked 
|  52|0x0000000704000000, 0x0000000704000000, 0x0000000704100000|  0%| F|  |TAMS 0x0000000704000000, 0x0000000704000000| Untracked 
|  53|0x0000000704100000, 0x0000000704100000, 0x0000000704200000|  0%| F|  |TAMS 0x0000000704100000, 0x0000000704100000| Untracked 
|  54|0x0000000704200000, 0x0000000704200000, 0x0000000704300000|  0%| F|  |TAMS 0x0000000704200000, 0x0000000704200000| Untracked 
|  55|0x0000000704300000, 0x0000000704300000, 0x0000000704400000|  0%| F|  |TAMS 0x0000000704300000, 0x0000000704300000| Untracked 
|  56|0x0000000704400000, 0x0000000704400000, 0x0000000704500000|  0%| F|  |TAMS 0x0000000704400000, 0x0000000704400000| Untracked 
|  57|0x0000000704500000, 0x0000000704500000, 0x0000000704600000|  0%| F|  |TAMS 0x0000000704500000, 0x0000000704500000| Untracked 
|  58|0x0000000704600000, 0x0000000704600000, 0x0000000704700000|  0%| F|  |TAMS 0x0000000704600000, 0x0000000704600000| Untracked 
|  59|0x0000000704700000, 0x0000000704700000, 0x0000000704800000|  0%| F|  |TAMS 0x0000000704700000, 0x0000000704700000| Untracked 
|  60|0x0000000704800000, 0x0000000704800000, 0x0000000704900000|  0%| F|  |TAMS 0x0000000704800000, 0x0000000704800000| Untracked 
|  61|0x0000000704900000, 0x0000000704900000, 0x0000000704a00000|  0%| F|  |TAMS 0x0000000704900000, 0x0000000704900000| Untracked 
|  62|0x0000000704a00000, 0x0000000704a00000, 0x0000000704b00000|  0%| F|  |TAMS 0x0000000704a00000, 0x0000000704a00000| Untracked 
|  63|0x0000000704b00000, 0x0000000704b00000, 0x0000000704c00000|  0%| F|  |TAMS 0x0000000704b00000, 0x0000000704b00000| Untracked 
|  64|0x0000000704c00000, 0x0000000704c00000, 0x0000000704d00000|  0%| F|  |TAMS 0x0000000704c00000, 0x0000000704c00000| Untracked 
|  65|0x0000000704d00000, 0x0000000704d00000, 0x0000000704e00000|  0%| F|  |TAMS 0x0000000704d00000, 0x0000000704d00000| Untracked 
|  66|0x0000000704e00000, 0x0000000704e00000, 0x0000000704f00000|  0%| F|  |TAMS 0x0000000704e00000, 0x0000000704e00000| Untracked 
|  67|0x0000000704f00000, 0x0000000704f00000, 0x0000000705000000|  0%| F|  |TAMS 0x0000000704f00000, 0x0000000704f00000| Untracked 
|  68|0x0000000705000000, 0x0000000705000000, 0x0000000705100000|  0%| F|  |TAMS 0x0000000705000000, 0x0000000705000000| Untracked 
|  69|0x0000000705100000, 0x0000000705100000, 0x0000000705200000|  0%| F|  |TAMS 0x0000000705100000, 0x0000000705100000| Untracked 
|  70|0x0000000705200000, 0x0000000705200000, 0x0000000705300000|  0%| F|  |TAMS 0x0000000705200000, 0x0000000705200000| Untracked 
|  71|0x0000000705300000, 0x0000000705300000, 0x0000000705400000|  0%| F|  |TAMS 0x0000000705300000, 0x0000000705300000| Untracked 
|  72|0x0000000705400000, 0x0000000705400000, 0x0000000705500000|  0%| F|  |TAMS 0x0000000705400000, 0x0000000705400000| Untracked 
|  73|0x0000000705500000, 0x0000000705500000, 0x0000000705600000|  0%| F|  |TAMS 0x0000000705500000, 0x0000000705500000| Untracked 
|  74|0x0000000705600000, 0x0000000705600000, 0x0000000705700000|  0%| F|  |TAMS 0x0000000705600000, 0x0000000705600000| Untracked 
|  75|0x0000000705700000, 0x0000000705700000, 0x0000000705800000|  0%| F|  |TAMS 0x0000000705700000, 0x0000000705700000| Untracked 
|  76|0x0000000705800000, 0x0000000705800000, 0x0000000705900000|  0%| F|  |TAMS 0x0000000705800000, 0x0000000705800000| Untracked 
|  77|0x0000000705900000, 0x0000000705900000, 0x0000000705a00000|  0%| F|  |TAMS 0x0000000705900000, 0x0000000705900000| Untracked 
|  78|0x0000000705a00000, 0x0000000705a00000, 0x0000000705b00000|  0%| F|  |TAMS 0x0000000705a00000, 0x0000000705a00000| Untracked 
|  79|0x0000000705b00000, 0x0000000705b00000, 0x0000000705c00000|  0%| F|  |TAMS 0x0000000705b00000, 0x0000000705b00000| Untracked 
|  80|0x0000000705c00000, 0x0000000705c00000, 0x0000000705d00000|  0%| F|  |TAMS 0x0000000705c00000, 0x0000000705c00000| Untracked 
|  81|0x0000000705d00000, 0x0000000705d00000, 0x0000000705e00000|  0%| F|  |TAMS 0x0000000705d00000, 0x0000000705d00000| Untracked 
|  82|0x0000000705e00000, 0x0000000705e00000, 0x0000000705f00000|  0%| F|  |TAMS 0x0000000705e00000, 0x0000000705e00000| Untracked 
|  83|0x0000000705f00000, 0x0000000705f00000, 0x0000000706000000|  0%| F|  |TAMS 0x0000000705f00000, 0x0000000705f00000| Untracked 
|  84|0x0000000706000000, 0x0000000706000000, 0x0000000706100000|  0%| F|  |TAMS 0x0000000706000000, 0x0000000706000000| Untracked 
|  85|0x0000000706100000, 0x0000000706100000, 0x0000000706200000|  0%| F|  |TAMS 0x0000000706100000, 0x0000000706100000| Untracked 
|  86|0x0000000706200000, 0x0000000706200000, 0x0000000706300000|  0%| F|  |TAMS 0x0000000706200000, 0x0000000706200000| Untracked 
|  87|0x0000000706300000, 0x0000000706300000, 0x0000000706400000|  0%| F|  |TAMS 0x0000000706300000, 0x0000000706300000| Untracked 
|  88|0x0000000706400000, 0x0000000706400000, 0x0000000706500000|  0%| F|  |TAMS 0x0000000706400000, 0x0000000706400000| Untracked 
|  89|0x0000000706500000, 0x0000000706500000, 0x0000000706600000|  0%| F|  |TAMS 0x0000000706500000, 0x0000000706500000| Untracked 
|  90|0x0000000706600000, 0x0000000706600000, 0x0000000706700000|  0%| F|  |TAMS 0x0000000706600000, 0x0000000706600000| Untracked 
|  91|0x0000000706700000, 0x0000000706700000, 0x0000000706800000|  0%| F|  |TAMS 0x0000000706700000, 0x0000000706700000| Untracked 
|  92|0x0000000706800000, 0x0000000706800000, 0x0000000706900000|  0%| F|  |TAMS 0x0000000706800000, 0x0000000706800000| Untracked 
|  93|0x0000000706900000, 0x0000000706900000, 0x0000000706a00000|  0%| F|  |TAMS 0x0000000706900000, 0x0000000706900000| Untracked 
|  94|0x0000000706a00000, 0x0000000706a00000, 0x0000000706b00000|  0%| F|  |TAMS 0x0000000706a00000, 0x0000000706a00000| Untracked 
|  95|0x0000000706b00000, 0x0000000706b00000, 0x0000000706c00000|  0%| F|  |TAMS 0x0000000706b00000, 0x0000000706b00000| Untracked 
|  96|0x0000000706c00000, 0x0000000706c00000, 0x0000000706d00000|  0%| F|  |TAMS 0x0000000706c00000, 0x0000000706c00000| Untracked 
|  97|0x0000000706d00000, 0x0000000706d00000, 0x0000000706e00000|  0%| F|  |TAMS 0x0000000706d00000, 0x0000000706d00000| Untracked 
|  98|0x0000000706e00000, 0x0000000706e00000, 0x0000000706f00000|  0%| F|  |TAMS 0x0000000706e00000, 0x0000000706e00000| Untracked 
|  99|0x0000000706f00000, 0x0000000706f00000, 0x0000000707000000|  0%| F|  |TAMS 0x0000000706f00000, 0x0000000706f00000| Untracked 
| 100|0x0000000707000000, 0x0000000707000000, 0x0000000707100000|  0%| F|  |TAMS 0x0000000707000000, 0x0000000707000000| Untracked 
| 101|0x0000000707100000, 0x0000000707100000, 0x0000000707200000|  0%| F|  |TAMS 0x0000000707100000, 0x0000000707100000| Untracked 
| 102|0x0000000707200000, 0x0000000707200000, 0x0000000707300000|  0%| F|  |TAMS 0x0000000707200000, 0x0000000707200000| Untracked 
| 103|0x0000000707300000, 0x0000000707300000, 0x0000000707400000|  0%| F|  |TAMS 0x0000000707300000, 0x0000000707300000| Untracked 
| 104|0x0000000707400000, 0x0000000707400000, 0x0000000707500000|  0%| F|  |TAMS 0x0000000707400000, 0x0000000707400000| Untracked 
| 105|0x0000000707500000, 0x0000000707500000, 0x0000000707600000|  0%| F|  |TAMS 0x0000000707500000, 0x0000000707500000| Untracked 
| 106|0x0000000707600000, 0x0000000707600000, 0x0000000707700000|  0%| F|  |TAMS 0x0000000707600000, 0x0000000707600000| Untracked 
| 107|0x0000000707700000, 0x0000000707700000, 0x0000000707800000|  0%| F|  |TAMS 0x0000000707700000, 0x0000000707700000| Untracked 
| 108|0x0000000707800000, 0x0000000707800000, 0x0000000707900000|  0%| F|  |TAMS 0x0000000707800000, 0x0000000707800000| Untracked 
| 109|0x0000000707900000, 0x0000000707900000, 0x0000000707a00000|  0%| F|  |TAMS 0x0000000707900000, 0x0000000707900000| Untracked 
| 110|0x0000000707a00000, 0x0000000707a00000, 0x0000000707b00000|  0%| F|  |TAMS 0x0000000707a00000, 0x0000000707a00000| Untracked 
| 111|0x0000000707b00000, 0x0000000707b00000, 0x0000000707c00000|  0%| F|  |TAMS 0x0000000707b00000, 0x0000000707b00000| Untracked 
| 112|0x0000000707c00000, 0x0000000707c00000, 0x0000000707d00000|  0%| F|  |TAMS 0x0000000707c00000, 0x0000000707c00000| Untracked 
| 113|0x0000000707d00000, 0x0000000707d00000, 0x0000000707e00000|  0%| F|  |TAMS 0x0000000707d00000, 0x0000000707d00000| Untracked 
| 114|0x0000000707e00000, 0x0000000707e00000, 0x0000000707f00000|  0%| F|  |TAMS 0x0000000707e00000, 0x0000000707e00000| Untracked 
| 115|0x0000000707f00000, 0x0000000707f00000, 0x0000000708000000|  0%| F|  |TAMS 0x0000000707f00000, 0x0000000707f00000| Untracked 
| 116|0x0000000708000000, 0x0000000708000000, 0x0000000708100000|  0%| F|  |TAMS 0x0000000708000000, 0x0000000708000000| Untracked 
| 117|0x0000000708100000, 0x0000000708100000, 0x0000000708200000|  0%| F|  |TAMS 0x0000000708100000, 0x0000000708100000| Untracked 
| 118|0x0000000708200000, 0x0000000708200000, 0x0000000708300000|  0%| F|  |TAMS 0x0000000708200000, 0x0000000708200000| Untracked 
| 119|0x0000000708300000, 0x0000000708300000, 0x0000000708400000|  0%| F|  |TAMS 0x0000000708300000, 0x0000000708300000| Untracked 
| 120|0x0000000708400000, 0x0000000708400000, 0x0000000708500000|  0%| F|  |TAMS 0x0000000708400000, 0x0000000708400000| Untracked 
| 121|0x0000000708500000, 0x0000000708500000, 0x0000000708600000|  0%| F|  |TAMS 0x0000000708500000, 0x0000000708500000| Untracked 
| 122|0x0000000708600000, 0x0000000708600000, 0x0000000708700000|  0%| F|  |TAMS 0x0000000708600000, 0x0000000708600000| Untracked 
| 123|0x0000000708700000, 0x0000000708700000, 0x0000000708800000|  0%| F|  |TAMS 0x0000000708700000, 0x0000000708700000| Untracked 
| 124|0x0000000708800000, 0x0000000708800000, 0x0000000708900000|  0%| F|  |TAMS 0x0000000708800000, 0x0000000708800000| Untracked 
| 125|0x0000000708900000, 0x0000000708900000, 0x0000000708a00000|  0%| F|  |TAMS 0x0000000708900000, 0x0000000708900000| Untracked 
| 126|0x0000000708a00000, 0x0000000708a00000, 0x0000000708b00000|  0%| F|  |TAMS 0x0000000708a00000, 0x0000000708a00000| Untracked 
| 127|0x0000000708b00000, 0x0000000708b00000, 0x0000000708c00000|  0%| F|  |TAMS 0x0000000708b00000, 0x0000000708b00000| Untracked 
| 128|0x0000000708c00000, 0x0000000708c00000, 0x0000000708d00000|  0%| F|  |TAMS 0x0000000708c00000, 0x0000000708c00000| Untracked 
| 129|0x0000000708d00000, 0x0000000708d00000, 0x0000000708e00000|  0%| F|  |TAMS 0x0000000708d00000, 0x0000000708d00000| Untracked 
| 130|0x0000000708e00000, 0x0000000708e00000, 0x0000000708f00000|  0%| F|  |TAMS 0x0000000708e00000, 0x0000000708e00000| Untracked 
| 131|0x0000000708f00000, 0x0000000708f00000, 0x0000000709000000|  0%| F|  |TAMS 0x0000000708f00000, 0x0000000708f00000| Untracked 
| 132|0x0000000709000000, 0x0000000709000000, 0x0000000709100000|  0%| F|  |TAMS 0x0000000709000000, 0x0000000709000000| Untracked 
| 133|0x0000000709100000, 0x0000000709100000, 0x0000000709200000|  0%| F|  |TAMS 0x0000000709100000, 0x0000000709100000| Untracked 
| 134|0x0000000709200000, 0x0000000709200000, 0x0000000709300000|  0%| F|  |TAMS 0x0000000709200000, 0x0000000709200000| Untracked 
| 135|0x0000000709300000, 0x0000000709300000, 0x0000000709400000|  0%| F|  |TAMS 0x0000000709300000, 0x0000000709300000| Untracked 
| 136|0x0000000709400000, 0x0000000709400000, 0x0000000709500000|  0%| F|  |TAMS 0x0000000709400000, 0x0000000709400000| Untracked 
| 137|0x0000000709500000, 0x0000000709500000, 0x0000000709600000|  0%| F|  |TAMS 0x0000000709500000, 0x0000000709500000| Untracked 
| 138|0x0000000709600000, 0x0000000709600000, 0x0000000709700000|  0%| F|  |TAMS 0x0000000709600000, 0x0000000709600000| Untracked 
| 139|0x0000000709700000, 0x0000000709700000, 0x0000000709800000|  0%| F|  |TAMS 0x0000000709700000, 0x0000000709700000| Untracked 
| 140|0x0000000709800000, 0x0000000709800000, 0x0000000709900000|  0%| F|  |TAMS 0x0000000709800000, 0x0000000709800000| Untracked 
| 141|0x0000000709900000, 0x0000000709900000, 0x0000000709a00000|  0%| F|  |TAMS 0x0000000709900000, 0x0000000709900000| Untracked 
| 142|0x0000000709a00000, 0x0000000709a00000, 0x0000000709b00000|  0%| F|  |TAMS 0x0000000709a00000, 0x0000000709a00000| Untracked 
| 143|0x0000000709b00000, 0x0000000709b00000, 0x0000000709c00000|  0%| F|  |TAMS 0x0000000709b00000, 0x0000000709b00000| Untracked 
| 144|0x0000000709c00000, 0x0000000709c00000, 0x0000000709d00000|  0%| F|  |TAMS 0x0000000709c00000, 0x0000000709c00000| Untracked 
| 145|0x0000000709d00000, 0x0000000709d00000, 0x0000000709e00000|  0%| F|  |TAMS 0x0000000709d00000, 0x0000000709d00000| Untracked 
| 146|0x0000000709e00000, 0x0000000709e00000, 0x0000000709f00000|  0%| F|  |TAMS 0x0000000709e00000, 0x0000000709e00000| Untracked 
| 147|0x0000000709f00000, 0x0000000709f00000, 0x000000070a000000|  0%| F|  |TAMS 0x0000000709f00000, 0x0000000709f00000| Untracked 
| 148|0x000000070a000000, 0x000000070a000000, 0x000000070a100000|  0%| F|  |TAMS 0x000000070a000000, 0x000000070a000000| Untracked 
| 149|0x000000070a100000, 0x000000070a100000, 0x000000070a200000|  0%| F|  |TAMS 0x000000070a100000, 0x000000070a100000| Untracked 
| 150|0x000000070a200000, 0x000000070a200000, 0x000000070a300000|  0%| F|  |TAMS 0x000000070a200000, 0x000000070a200000| Untracked 
| 151|0x000000070a300000, 0x000000070a300000, 0x000000070a400000|  0%| F|  |TAMS 0x000000070a300000, 0x000000070a300000| Untracked 
| 152|0x000000070a400000, 0x000000070a400000, 0x000000070a500000|  0%| F|  |TAMS 0x000000070a400000, 0x000000070a400000| Untracked 
| 153|0x000000070a500000, 0x000000070a600000, 0x000000070a600000|100%| E|  |TAMS 0x000000070a500000, 0x000000070a500000| Complete 
| 154|0x000000070a600000, 0x000000070a700000, 0x000000070a700000|100%| E|CS|TAMS 0x000000070a600000, 0x000000070a600000| Complete 
| 155|0x000000070a700000, 0x000000070a800000, 0x000000070a800000|100%| E|CS|TAMS 0x000000070a700000, 0x000000070a700000| Complete 
| 156|0x000000070a800000, 0x000000070a900000, 0x000000070a900000|100%| E|CS|TAMS 0x000000070a800000, 0x000000070a800000| Complete 
| 157|0x000000070a900000, 0x000000070aa00000, 0x000000070aa00000|100%| E|CS|TAMS 0x000000070a900000, 0x000000070a900000| Complete 
| 158|0x000000070aa00000, 0x000000070ab00000, 0x000000070ab00000|100%| E|CS|TAMS 0x000000070aa00000, 0x000000070aa00000| Complete 
| 159|0x000000070ab00000, 0x000000070ac00000, 0x000000070ac00000|100%| E|CS|TAMS 0x000000070ab00000, 0x000000070ab00000| Complete 
| 160|0x000000070ac00000, 0x000000070ad00000, 0x000000070ad00000|100%| E|CS|TAMS 0x000000070ac00000, 0x000000070ac00000| Complete 
| 161|0x000000070ad00000, 0x000000070ae00000, 0x000000070ae00000|100%| E|CS|TAMS 0x000000070ad00000, 0x000000070ad00000| Complete 
| 162|0x000000070ae00000, 0x000000070af00000, 0x000000070af00000|100%| E|CS|TAMS 0x000000070ae00000, 0x000000070ae00000| Complete 
| 163|0x000000070af00000, 0x000000070b000000, 0x000000070b000000|100%| E|CS|TAMS 0x000000070af00000, 0x000000070af00000| Complete 
| 164|0x000000070b000000, 0x000000070b100000, 0x000000070b100000|100%| E|CS|TAMS 0x000000070b000000, 0x000000070b000000| Complete 
| 165|0x000000070b100000, 0x000000070b200000, 0x000000070b200000|100%| E|CS|TAMS 0x000000070b100000, 0x000000070b100000| Complete 
| 166|0x000000070b200000, 0x000000070b300000, 0x000000070b300000|100%| E|CS|TAMS 0x000000070b200000, 0x000000070b200000| Complete 
| 167|0x000000070b300000, 0x000000070b400000, 0x000000070b400000|100%| E|CS|TAMS 0x000000070b300000, 0x000000070b300000| Complete 
| 168|0x000000070b400000, 0x000000070b500000, 0x000000070b500000|100%| E|CS|TAMS 0x000000070b400000, 0x000000070b400000| Complete 
| 169|0x000000070b500000, 0x000000070b600000, 0x000000070b600000|100%| E|CS|TAMS 0x000000070b500000, 0x000000070b500000| Complete 
| 170|0x000000070b600000, 0x000000070b700000, 0x000000070b700000|100%| E|CS|TAMS 0x000000070b600000, 0x000000070b600000| Complete 
| 171|0x000000070b700000, 0x000000070b800000, 0x000000070b800000|100%| E|CS|TAMS 0x000000070b700000, 0x000000070b700000| Complete 
| 172|0x000000070b800000, 0x000000070b900000, 0x000000070b900000|100%| E|CS|TAMS 0x000000070b800000, 0x000000070b800000| Complete 
| 173|0x000000070b900000, 0x000000070ba00000, 0x000000070ba00000|100%| E|CS|TAMS 0x000000070b900000, 0x000000070b900000| Complete 
| 174|0x000000070ba00000, 0x000000070bb00000, 0x000000070bb00000|100%| E|CS|TAMS 0x000000070ba00000, 0x000000070ba00000| Complete 
| 175|0x000000070bb00000, 0x000000070bc00000, 0x000000070bc00000|100%| E|CS|TAMS 0x000000070bb00000, 0x000000070bb00000| Complete 
| 176|0x000000070bc00000, 0x000000070bd00000, 0x000000070bd00000|100%| E|CS|TAMS 0x000000070bc00000, 0x000000070bc00000| Complete 
| 177|0x000000070bd00000, 0x000000070be00000, 0x000000070be00000|100%| E|CS|TAMS 0x000000070bd00000, 0x000000070bd00000| Complete 
| 178|0x000000070be00000, 0x000000070bf00000, 0x000000070bf00000|100%| E|CS|TAMS 0x000000070be00000, 0x000000070be00000| Complete 
| 179|0x000000070bf00000, 0x000000070c000000, 0x000000070c000000|100%| E|CS|TAMS 0x000000070bf00000, 0x000000070bf00000| Complete 
| 180|0x000000070c000000, 0x000000070c100000, 0x000000070c100000|100%| E|CS|TAMS 0x000000070c000000, 0x000000070c000000| Complete 
| 181|0x000000070c100000, 0x000000070c200000, 0x000000070c200000|100%| E|CS|TAMS 0x000000070c100000, 0x000000070c100000| Complete 
| 182|0x000000070c200000, 0x000000070c300000, 0x000000070c300000|100%| E|CS|TAMS 0x000000070c200000, 0x000000070c200000| Complete 
| 183|0x000000070c300000, 0x000000070c400000, 0x000000070c400000|100%| E|CS|TAMS 0x000000070c300000, 0x000000070c300000| Complete 
| 184|0x000000070c400000, 0x000000070c500000, 0x000000070c500000|100%| E|CS|TAMS 0x000000070c400000, 0x000000070c400000| Complete 
| 185|0x000000070c500000, 0x000000070c600000, 0x000000070c600000|100%| E|CS|TAMS 0x000000070c500000, 0x000000070c500000| Complete 
| 186|0x000000070c600000, 0x000000070c700000, 0x000000070c700000|100%| E|CS|TAMS 0x000000070c600000, 0x000000070c600000| Complete 
| 187|0x000000070c700000, 0x000000070c800000, 0x000000070c800000|100%| E|CS|TAMS 0x000000070c700000, 0x000000070c700000| Complete 
| 188|0x000000070c800000, 0x000000070c900000, 0x000000070c900000|100%| E|CS|TAMS 0x000000070c800000, 0x000000070c800000| Complete 
| 189|0x000000070c900000, 0x000000070ca00000, 0x000000070ca00000|100%| E|CS|TAMS 0x000000070c900000, 0x000000070c900000| Complete 
| 190|0x000000070ca00000, 0x000000070cb00000, 0x000000070cb00000|100%| E|CS|TAMS 0x000000070ca00000, 0x000000070ca00000| Complete 
| 191|0x000000070cb00000, 0x000000070cc00000, 0x000000070cc00000|100%| E|CS|TAMS 0x000000070cb00000, 0x000000070cb00000| Complete 
| 192|0x000000070cc00000, 0x000000070cd00000, 0x000000070cd00000|100%| E|CS|TAMS 0x000000070cc00000, 0x000000070cc00000| Complete 
| 193|0x000000070cd00000, 0x000000070ce00000, 0x000000070ce00000|100%| E|CS|TAMS 0x000000070cd00000, 0x000000070cd00000| Complete 
| 194|0x000000070ce00000, 0x000000070cf00000, 0x000000070cf00000|100%| E|CS|TAMS 0x000000070ce00000, 0x000000070ce00000| Complete 
| 195|0x000000070cf00000, 0x000000070d000000, 0x000000070d000000|100%| E|CS|TAMS 0x000000070cf00000, 0x000000070cf00000| Complete 
| 196|0x000000070d000000, 0x000000070d100000, 0x000000070d100000|100%| E|CS|TAMS 0x000000070d000000, 0x000000070d000000| Complete 
| 197|0x000000070d100000, 0x000000070d200000, 0x000000070d200000|100%| E|CS|TAMS 0x000000070d100000, 0x000000070d100000| Complete 
| 198|0x000000070d200000, 0x000000070d300000, 0x000000070d300000|100%| E|CS|TAMS 0x000000070d200000, 0x000000070d200000| Complete 
| 199|0x000000070d300000, 0x000000070d400000, 0x000000070d400000|100%| E|CS|TAMS 0x000000070d300000, 0x000000070d300000| Complete 
| 200|0x000000070d400000, 0x000000070d500000, 0x000000070d500000|100%| E|CS|TAMS 0x000000070d400000, 0x000000070d400000| Complete 
| 201|0x000000070d500000, 0x000000070d600000, 0x000000070d600000|100%| E|CS|TAMS 0x000000070d500000, 0x000000070d500000| Complete 
| 202|0x000000070d600000, 0x000000070d700000, 0x000000070d700000|100%| E|CS|TAMS 0x000000070d600000, 0x000000070d600000| Complete 
| 203|0x000000070d700000, 0x000000070d800000, 0x000000070d800000|100%| E|CS|TAMS 0x000000070d700000, 0x000000070d700000| Complete 
| 204|0x000000070d800000, 0x000000070d900000, 0x000000070d900000|100%| E|CS|TAMS 0x000000070d800000, 0x000000070d800000| Complete 
| 205|0x000000070d900000, 0x000000070da00000, 0x000000070da00000|100%| E|CS|TAMS 0x000000070d900000, 0x000000070d900000| Complete 
| 206|0x000000070da00000, 0x000000070db00000, 0x000000070db00000|100%| E|CS|TAMS 0x000000070da00000, 0x000000070da00000| Complete 
| 207|0x000000070db00000, 0x000000070dc00000, 0x000000070dc00000|100%| E|CS|TAMS 0x000000070db00000, 0x000000070db00000| Complete 
| 208|0x000000070dc00000, 0x000000070dd00000, 0x000000070dd00000|100%| E|CS|TAMS 0x000000070dc00000, 0x000000070dc00000| Complete 
| 209|0x000000070dd00000, 0x000000070de00000, 0x000000070de00000|100%| E|CS|TAMS 0x000000070dd00000, 0x000000070dd00000| Complete 
| 210|0x000000070de00000, 0x000000070df00000, 0x000000070df00000|100%| E|CS|TAMS 0x000000070de00000, 0x000000070de00000| Complete 
| 211|0x000000070df00000, 0x000000070e000000, 0x000000070e000000|100%| E|CS|TAMS 0x000000070df00000, 0x000000070df00000| Complete 
| 212|0x000000070e000000, 0x000000070e100000, 0x000000070e100000|100%| E|CS|TAMS 0x000000070e000000, 0x000000070e000000| Complete 
| 213|0x000000070e100000, 0x000000070e200000, 0x000000070e200000|100%| E|CS|TAMS 0x000000070e100000, 0x000000070e100000| Complete 
| 214|0x000000070e200000, 0x000000070e300000, 0x000000070e300000|100%| E|CS|TAMS 0x000000070e200000, 0x000000070e200000| Complete 
| 215|0x000000070e300000, 0x000000070e400000, 0x000000070e400000|100%| E|CS|TAMS 0x000000070e300000, 0x000000070e300000| Complete 
| 216|0x000000070e400000, 0x000000070e500000, 0x000000070e500000|100%| E|CS|TAMS 0x000000070e400000, 0x000000070e400000| Complete 
| 217|0x000000070e500000, 0x000000070e600000, 0x000000070e600000|100%| E|CS|TAMS 0x000000070e500000, 0x000000070e500000| Complete 
| 218|0x000000070e600000, 0x000000070e700000, 0x000000070e700000|100%| E|CS|TAMS 0x000000070e600000, 0x000000070e600000| Complete 
| 219|0x000000070e700000, 0x000000070e800000, 0x000000070e800000|100%| E|CS|TAMS 0x000000070e700000, 0x000000070e700000| Complete 
| 220|0x000000070e800000, 0x000000070e900000, 0x000000070e900000|100%| E|CS|TAMS 0x000000070e800000, 0x000000070e800000| Complete 
| 221|0x000000070e900000, 0x000000070ea00000, 0x000000070ea00000|100%| E|CS|TAMS 0x000000070e900000, 0x000000070e900000| Complete 
| 222|0x000000070ea00000, 0x000000070eb00000, 0x000000070eb00000|100%| E|CS|TAMS 0x000000070ea00000, 0x000000070ea00000| Complete 
| 223|0x000000070eb00000, 0x000000070ec00000, 0x000000070ec00000|100%| E|CS|TAMS 0x000000070eb00000, 0x000000070eb00000| Complete 
| 224|0x000000070ec00000, 0x000000070ed00000, 0x000000070ed00000|100%| E|CS|TAMS 0x000000070ec00000, 0x000000070ec00000| Complete 
| 225|0x000000070ed00000, 0x000000070ee00000, 0x000000070ee00000|100%| E|CS|TAMS 0x000000070ed00000, 0x000000070ed00000| Complete 
| 226|0x000000070ee00000, 0x000000070ef00000, 0x000000070ef00000|100%| E|CS|TAMS 0x000000070ee00000, 0x000000070ee00000| Complete 
| 227|0x000000070ef00000, 0x000000070f000000, 0x000000070f000000|100%| E|CS|TAMS 0x000000070ef00000, 0x000000070ef00000| Complete 
| 228|0x000000070f000000, 0x000000070f100000, 0x000000070f100000|100%| E|CS|TAMS 0x000000070f000000, 0x000000070f000000| Complete 
| 229|0x000000070f100000, 0x000000070f200000, 0x000000070f200000|100%| S|CS|TAMS 0x000000070f100000, 0x000000070f100000| Complete 
| 230|0x000000070f200000, 0x000000070f300000, 0x000000070f300000|100%| S|CS|TAMS 0x000000070f200000, 0x000000070f200000| Complete 
| 231|0x000000070f300000, 0x000000070f400000, 0x000000070f400000|100%| S|CS|TAMS 0x000000070f300000, 0x000000070f300000| Complete 
| 232|0x000000070f400000, 0x000000070f500000, 0x000000070f500000|100%| E|CS|TAMS 0x000000070f400000, 0x000000070f400000| Complete 
| 233|0x000000070f500000, 0x000000070f600000, 0x000000070f600000|100%| E|CS|TAMS 0x000000070f500000, 0x000000070f500000| Complete 
| 234|0x000000070f600000, 0x000000070f700000, 0x000000070f700000|100%| E|CS|TAMS 0x000000070f600000, 0x000000070f600000| Complete 
| 235|0x000000070f700000, 0x000000070f800000, 0x000000070f800000|100%| E|CS|TAMS 0x000000070f700000, 0x000000070f700000| Complete 
| 236|0x000000070f800000, 0x000000070f900000, 0x000000070f900000|100%| E|CS|TAMS 0x000000070f800000, 0x000000070f800000| Complete 
| 237|0x000000070f900000, 0x000000070fa00000, 0x000000070fa00000|100%| E|CS|TAMS 0x000000070f900000, 0x000000070f900000| Complete 
| 238|0x000000070fa00000, 0x000000070fb00000, 0x000000070fb00000|100%| E|CS|TAMS 0x000000070fa00000, 0x000000070fa00000| Complete 
| 239|0x000000070fb00000, 0x000000070fc00000, 0x000000070fc00000|100%| E|CS|TAMS 0x000000070fb00000, 0x000000070fb00000| Complete 
| 240|0x000000070fc00000, 0x000000070fd00000, 0x000000070fd00000|100%| E|CS|TAMS 0x000000070fc00000, 0x000000070fc00000| Complete 
| 241|0x000000070fd00000, 0x000000070fe00000, 0x000000070fe00000|100%| E|CS|TAMS 0x000000070fd00000, 0x000000070fd00000| Complete 
| 242|0x000000070fe00000, 0x000000070ff00000, 0x000000070ff00000|100%| E|CS|TAMS 0x000000070fe00000, 0x000000070fe00000| Complete 
| 243|0x000000070ff00000, 0x0000000710000000, 0x0000000710000000|100%| E|CS|TAMS 0x000000070ff00000, 0x000000070ff00000| Complete 
| 244|0x0000000710000000, 0x0000000710100000, 0x0000000710100000|100%| E|CS|TAMS 0x0000000710000000, 0x0000000710000000| Complete 
| 245|0x0000000710100000, 0x0000000710200000, 0x0000000710200000|100%| E|CS|TAMS 0x0000000710100000, 0x0000000710100000| Complete 
| 246|0x0000000710200000, 0x0000000710300000, 0x0000000710300000|100%| E|CS|TAMS 0x0000000710200000, 0x0000000710200000| Complete 
| 247|0x0000000710300000, 0x0000000710400000, 0x0000000710400000|100%| E|CS|TAMS 0x0000000710300000, 0x0000000710300000| Complete 
| 248|0x0000000710400000, 0x0000000710500000, 0x0000000710500000|100%| E|CS|TAMS 0x0000000710400000, 0x0000000710400000| Complete 
| 249|0x0000000710500000, 0x0000000710600000, 0x0000000710600000|100%| E|CS|TAMS 0x0000000710500000, 0x0000000710500000| Complete 
| 250|0x0000000710600000, 0x0000000710700000, 0x0000000710700000|100%| E|CS|TAMS 0x0000000710600000, 0x0000000710600000| Complete 
| 251|0x0000000710700000, 0x0000000710800000, 0x0000000710800000|100%| E|CS|TAMS 0x0000000710700000, 0x0000000710700000| Complete 
| 252|0x0000000710800000, 0x0000000710900000, 0x0000000710900000|100%| E|CS|TAMS 0x0000000710800000, 0x0000000710800000| Complete 
| 253|0x0000000710900000, 0x0000000710a00000, 0x0000000710a00000|100%| E|CS|TAMS 0x0000000710900000, 0x0000000710900000| Complete 
| 254|0x0000000710a00000, 0x0000000710b00000, 0x0000000710b00000|100%| E|CS|TAMS 0x0000000710a00000, 0x0000000710a00000| Complete 
| 255|0x0000000710b00000, 0x0000000710c00000, 0x0000000710c00000|100%| E|CS|TAMS 0x0000000710b00000, 0x0000000710b00000| Complete 

Card table byte_map: [0x00000218c7640000,0x00000218c7e40000] _byte_map_base: 0x00000218c3e3a000

Marking Bits (Prev, Next): (CMBitMap*) 0x00000218af770948, (CMBitMap*) 0x00000218af770988
 Prev Bits: [0x00000218c8640000, 0x00000218cc610000)
 Next Bits: [0x00000218cc610000, 0x00000218d05e0000)

Polling page: 0x00000218aeee0000

Metaspace:

Usage:
  Non-class:     10.35 MB capacity,    10.22 MB ( 99%) used,   110.63 KB (  1%) free+waste,    21.81 KB ( <1%) overhead. 
      Class:      1.05 MB capacity,   968.77 KB ( 90%) used,   100.30 KB (  9%) free+waste,     9.94 KB ( <1%) overhead. 
       Both:     11.40 MB capacity,    11.16 MB ( 98%) used,   210.92 KB (  2%) free+waste,    31.75 KB ( <1%) overhead. 

Virtual space:
  Non-class space:       12.00 MB reserved,      10.50 MB ( 88%) committed 
      Class space:        1.00 GB reserved,       1.13 MB ( <1%) committed 
             Both:        1.01 GB reserved,      11.63 MB (  1%) committed 

Chunk freelists:
   Non-Class:  3.50 KB
       Class:  1.13 KB
        Both:  4.63 KB

CodeHeap 'non-profiled nmethods': size=120000Kb used=785Kb max_used=785Kb free=119215Kb
 bounds [0x00000218bf5e0000, 0x00000218bf850000, 0x00000218c6b10000]
CodeHeap 'profiled nmethods': size=120000Kb used=3839Kb max_used=3839Kb free=116160Kb
 bounds [0x00000218b80b0000, 0x00000218b8480000, 0x00000218bf5e0000]
CodeHeap 'non-nmethods': size=5760Kb used=1391Kb max_used=1410Kb free=4368Kb
 bounds [0x00000218b7b10000, 0x00000218b7d80000, 0x00000218b80b0000]
 total_blobs=3189 nmethods=1876 adapters=741
 compilation: enabled
              stopped_count=0, restarted_count=0
 full_count=0

Compilation events (10 events):
Event: 4.635 Thread 0x00000218d3a20800 1908       1       controlP5.Tab::height (5 bytes)
Event: 4.635 Thread 0x00000218d3a20800 nmethod 1908 0x00000218bf6a3810 code [0x00000218bf6a39c0, 0x00000218bf6a3af8]
Event: 4.680 Thread 0x00000218d3a20800 1909       3       processing.core.PGraphics3D::sqrt (7 bytes)
Event: 4.680 Thread 0x00000218d3a20800 nmethod 1909 0x00000218b846fc10 code [0x00000218b846fdc0, 0x00000218b846ff58]
Event: 4.749 Thread 0x00000218d3a18000 1910       4       controlP5.Controller::isVisible (26 bytes)
Event: 4.755 Thread 0x00000218d3a18000 nmethod 1910 0x00000218bf6a3b90 code [0x00000218bf6a3d80, 0x00000218bf6a4118]
Event: 4.783 Thread 0x00000218d3a20800 1911       3       controlP5.Controller::value (5 bytes)
Event: 4.783 Thread 0x00000218d3a20800 nmethod 1911 0x00000218b8470010 code [0x00000218b84701e0, 0x00000218b8470430]
Event: 4.828 Thread 0x00000218d3a20800 1912       3       java.lang.Byte::<init> (10 bytes)
Event: 4.828 Thread 0x00000218d3a20800 nmethod 1912 0x00000218b8470510 code [0x00000218b84706e0, 0x00000218b8470918]

GC Heap History (2 events):
Event: 1.778 GC heap before
{Heap before GC invocations=0 (full 0):
 garbage-first heap   total 262144K, used 23552K [0x0000000700c00000, 0x0000000800000000)
  region size 1024K, 24 young (24576K), 0 survivors (0K)
 Metaspace       used 10572K, capacity 10845K, committed 11136K, reserved 1058816K
  class space    used 939K, capacity 1041K, committed 1152K, reserved 1048576K
}
Event: 1.782 GC heap after
{Heap after GC invocations=1 (full 0):
 garbage-first heap   total 262144K, used 4222K [0x0000000700c00000, 0x0000000800000000)
  region size 1024K, 3 young (3072K), 3 survivors (3072K)
 Metaspace       used 10572K, capacity 10845K, committed 11136K, reserved 1058816K
  class space    used 939K, capacity 1041K, committed 1152K, reserved 1048576K
}

Deoptimization events (10 events):
Event: 1.492 Thread 0x00000218dcf67000 Uncommon trap: reason=unstable_if action=reinterpret pc=0x00000218bf5fa504 method=java.lang.String.equals(Ljava/lang/Object;)Z @ 34 c2
Event: 1.518 Thread 0x00000218dcf67000 Uncommon trap: reason=class_check action=maybe_recompile pc=0x00000218bf618b88 method=java.util.HashMap.putVal(ILjava/lang/Object;Ljava/lang/Object;ZZ)Ljava/lang/Object; @ 203 c2
Event: 1.518 Thread 0x00000218dcf67000 Uncommon trap: reason=class_check action=maybe_recompile pc=0x00000218bf618b88 method=java.util.HashMap.putVal(ILjava/lang/Object;Ljava/lang/Object;ZZ)Ljava/lang/Object; @ 203 c2
Event: 1.544 Thread 0x00000218dcf67000 Uncommon trap: reason=class_check action=maybe_recompile pc=0x00000218bf61b5c0 method=java.util.HashMap.putVal(ILjava/lang/Object;Ljava/lang/Object;ZZ)Ljava/lang/Object; @ 91 c2
Event: 1.544 Thread 0x00000218dcf67000 Uncommon trap: reason=class_check action=maybe_recompile pc=0x00000218bf61b5a8 method=java.util.HashMap.putVal(ILjava/lang/Object;Ljava/lang/Object;ZZ)Ljava/lang/Object; @ 203 c2
Event: 1.597 Thread 0x00000218dcf67000 Uncommon trap: reason=unstable_if action=reinterpret pc=0x00000218bf613b54 method=java.lang.String.startsWith(Ljava/lang/String;I)Z @ 46 c2
Event: 1.694 Thread 0x00000218dcf67000 Uncommon trap: reason=unstable_if action=reinterpret pc=0x00000218bf623a90 method=java.io.WinNTFileSystem.normalize(Ljava/lang/String;)Ljava/lang/String; @ 40 c2
Event: 1.694 Thread 0x00000218dcf67000 Uncommon trap: reason=class_check action=maybe_recompile pc=0x00000218bf625c88 method=java.util.HashMap.getNode(ILjava/lang/Object;)Ljava/util/HashMap$Node; @ 59 c2
Event: 1.754 Thread 0x00000218dcf67000 Uncommon trap: reason=unstable_if action=reinterpret pc=0x00000218bf6340a4 method=java.lang.AbstractStringBuilder.append(Ljava/lang/String;)Ljava/lang/AbstractStringBuilder; @ 1 c2
Event: 2.062 Thread 0x00000218d469e000 Uncommon trap: reason=predicate action=maybe_recompile pc=0x00000218bf6249c8 method=java.util.ArrayList.indexOfRange(Ljava/lang/Object;II)I @ 45 c2

Classes redefined (0 events):
No events

Internal exceptions (10 events):
Event: 1.761 Thread 0x00000218dcf67000 Exception <a 'java/io/FileNotFoundException'{0x000000070faf57d0}> (0x000000070faf57d0) thrown at [t:/workspace/open/src/hotspot/share/prims/jni.cpp, line 615]
Event: 1.763 Thread 0x00000218dcf67000 Exception <a 'java/io/FileNotFoundException'{0x000000070f907720}> (0x000000070f907720) thrown at [t:/workspace/open/src/hotspot/share/prims/jni.cpp, line 615]
Event: 1.763 Thread 0x00000218dcf67000 Exception <a 'java/io/FileNotFoundException'{0x000000070f9170c0}> (0x000000070f9170c0) thrown at [t:/workspace/open/src/hotspot/share/prims/jni.cpp, line 615]
Event: 1.765 Thread 0x00000218dcf67000 Exception <a 'java/io/FileNotFoundException'{0x000000070f928930}> (0x000000070f928930) thrown at [t:/workspace/open/src/hotspot/share/prims/jni.cpp, line 615]
Event: 1.765 Thread 0x00000218dcf67000 Exception <a 'java/io/FileNotFoundException'{0x000000070f940808}> (0x000000070f940808) thrown at [t:/workspace/open/src/hotspot/share/prims/jni.cpp, line 615]
Event: 1.767 Thread 0x00000218dcf67000 Exception <a 'java/io/FileNotFoundException'{0x000000070f952078}> (0x000000070f952078) thrown at [t:/workspace/open/src/hotspot/share/prims/jni.cpp, line 615]
Event: 3.632 Thread 0x00000218dcf67000 Exception <a 'java/io/FileNotFoundException'{0x000000070a698aa0}> (0x000000070a698aa0) thrown at [t:/workspace/open/src/hotspot/share/prims/jni.cpp, line 615]
Event: 3.634 Thread 0x00000218dcf67000 Exception <a 'java/io/FileNotFoundException'{0x000000070a6aa5b8}> (0x000000070a6aa5b8) thrown at [t:/workspace/open/src/hotspot/share/prims/jni.cpp, line 615]
Event: 3.634 Thread 0x00000218dcf67000 Exception <a 'java/io/FileNotFoundException'{0x000000070a6c0b20}> (0x000000070a6c0b20) thrown at [t:/workspace/open/src/hotspot/share/prims/jni.cpp, line 615]
Event: 3.636 Thread 0x00000218dcf67000 Exception <a 'java/io/FileNotFoundException'{0x000000070a6d2638}> (0x000000070a6d2638) thrown at [t:/workspace/open/src/hotspot/share/prims/jni.cpp, line 615]

Events (10 events):
Event: 3.649 loading class gnu/io/SerialPortEvent
Event: 3.649 loading class gnu/io/SerialPortEvent done
Event: 3.650 loading class sun/nio/cs/UTF_8$Encoder
Event: 3.650 loading class sun/nio/cs/UTF_8$Encoder done
Event: 3.650 loading class java/io/FileOutputStream$1
Event: 3.650 loading class java/io/FileOutputStream$1 done
Event: 3.681 Thread 0x00000218dcf67000 DEOPT PACKING pc=0x00000218b843e8b1 sp=0x000000643fb6e960
Event: 3.681 Thread 0x00000218dcf67000 DEOPT UNPACKING pc=0x00000218b7b39a4e sp=0x000000643fb6de38 mode 0
Event: 4.827 loading class java/lang/Byte$ByteCache
Event: 4.828 loading class java/lang/Byte$ByteCache done


Dynamic libraries:
0x00007ff70f4f0000 - 0x00007ff70f4ff000 	C:\jdk\jdk-12.0.1\bin\javaw.exe
0x00007ffbe7680000 - 0x00007ffbe7861000 	C:\WINDOWS\SYSTEM32\ntdll.dll
0x00007ffbe6190000 - 0x00007ffbe6241000 	C:\WINDOWS\System32\KERNEL32.DLL
0x00007ffbe3a20000 - 0x00007ffbe3c93000 	C:\WINDOWS\System32\KERNELBASE.dll
0x00007ffbe3ee0000 - 0x00007ffbe3fd8000 	C:\WINDOWS\System32\ucrtbase.dll
0x00007ffbd2470000 - 0x00007ffbd2488000 	C:\jdk\jdk-12.0.1\bin\jli.dll
0x00007ffbd2490000 - 0x00007ffbd24a6000 	C:\jdk\jdk-12.0.1\bin\VCRUNTIME140.dll
0x00007ffbe6e70000 - 0x00007ffbe6f11000 	C:\WINDOWS\System32\ADVAPI32.dll
0x00007ffbe6500000 - 0x00007ffbe659e000 	C:\WINDOWS\System32\msvcrt.dll
0x00007ffbe6d60000 - 0x00007ffbe6dbb000 	C:\WINDOWS\System32\sechost.dll
0x00007ffbe70f0000 - 0x00007ffbe7214000 	C:\WINDOWS\System32\RPCRT4.dll
0x00007ffbe6a40000 - 0x00007ffbe6bd0000 	C:\WINDOWS\System32\USER32.dll
0x00007ffbe3fe0000 - 0x00007ffbe4000000 	C:\WINDOWS\System32\win32u.dll
0x00007ffbe6a10000 - 0x00007ffbe6a38000 	C:\WINDOWS\System32\GDI32.dll
0x00007ffbe3ca0000 - 0x00007ffbe3e31000 	C:\WINDOWS\System32\gdi32full.dll
0x00007ffbe3e40000 - 0x00007ffbe3edf000 	C:\WINDOWS\System32\msvcp_win.dll
0x00007ffbd3e10000 - 0x00007ffbd4079000 	C:\WINDOWS\WinSxS\amd64_microsoft.windows.common-controls_6595b64144ccf1df_6.0.17134.829_none_fb46a5473061b9d5\COMCTL32.dll
0x00007ffbe72f0000 - 0x00007ffbe7612000 	C:\WINDOWS\System32\combase.dll
0x00007ffbe4110000 - 0x00007ffbe418a000 	C:\WINDOWS\System32\bcryptPrimitives.dll
0x00007ffbdee20000 - 0x00007ffbdee2a000 	C:\WINDOWS\SYSTEM32\VERSION.dll
0x00007ffbe6e20000 - 0x00007ffbe6e4d000 	C:\WINDOWS\System32\IMM32.DLL
0x00007ffbc5180000 - 0x00007ffbc522a000 	C:\jdk\jdk-12.0.1\bin\msvcp140.dll
0x00007ffbaebe0000 - 0x00007ffbaf754000 	C:\jdk\jdk-12.0.1\bin\server\jvm.dll
0x00007ffbe65a0000 - 0x00007ffbe65a8000 	C:\WINDOWS\System32\PSAPI.DLL
0x00007ffbd8020000 - 0x00007ffbd8043000 	C:\WINDOWS\SYSTEM32\WINMM.dll
0x00007ffbda6c0000 - 0x00007ffbda6c9000 	C:\WINDOWS\SYSTEM32\WSOCK32.dll
0x00007ffbe6f20000 - 0x00007ffbe6f8c000 	C:\WINDOWS\System32\WS2_32.dll
0x00007ffbd7ff0000 - 0x00007ffbd801a000 	C:\WINDOWS\SYSTEM32\winmmbase.dll
0x00007ffbe4a90000 - 0x00007ffbe4ad9000 	C:\WINDOWS\System32\cfgmgr32.dll
0x00007ffbe39e0000 - 0x00007ffbe39f1000 	C:\WINDOWS\System32\kernel.appcore.dll
0x00007ffbd2280000 - 0x00007ffbd2291000 	C:\jdk\jdk-12.0.1\bin\verify.dll
0x00007ffbddd50000 - 0x00007ffbddf19000 	C:\WINDOWS\SYSTEM32\DBGHELP.DLL
0x00007ffbddd20000 - 0x00007ffbddd49000 	C:\WINDOWS\SYSTEM32\dbgcore.DLL
0x00007ffbd1d60000 - 0x00007ffbd1d86000 	C:\jdk\jdk-12.0.1\bin\java.dll
0x00007ffbd1c00000 - 0x00007ffbd1c17000 	C:\jdk\jdk-12.0.1\bin\zip.dll
0x00007ffbda6a0000 - 0x00007ffbda6aa000 	C:\jdk\jdk-12.0.1\bin\jimage.dll
0x00007ffbe4ae0000 - 0x00007ffbe5f20000 	C:\WINDOWS\System32\SHELL32.dll
0x00007ffbe63f0000 - 0x00007ffbe6499000 	C:\WINDOWS\System32\shcore.dll
0x00007ffbe4190000 - 0x00007ffbe489d000 	C:\WINDOWS\System32\windows.storage.dll
0x00007ffbe60b0000 - 0x00007ffbe6101000 	C:\WINDOWS\System32\shlwapi.dll
0x00007ffbe3a00000 - 0x00007ffbe3a1f000 	C:\WINDOWS\System32\profapi.dll
0x00007ffbe3970000 - 0x00007ffbe39bc000 	C:\WINDOWS\System32\powrprof.dll
0x00007ffbe3960000 - 0x00007ffbe396a000 	C:\WINDOWS\System32\FLTLIB.DLL
0x00007ffbd0b40000 - 0x00007ffbd0b59000 	C:\jdk\jdk-12.0.1\bin\net.dll
0x00007ffbda220000 - 0x00007ffbda3e9000 	C:\WINDOWS\SYSTEM32\urlmon.dll
0x00007ffbdf580000 - 0x00007ffbdf65d000 	C:\WINDOWS\SYSTEM32\WINHTTP.dll
0x00007ffbd9880000 - 0x00007ffbd9b26000 	C:\WINDOWS\SYSTEM32\iertutil.dll
0x00007ffbe33b0000 - 0x00007ffbe33bb000 	C:\WINDOWS\SYSTEM32\CRYPTBASE.DLL
0x00007ffbe31e0000 - 0x00007ffbe3246000 	C:\WINDOWS\system32\mswsock.dll
0x00007ffbd0b20000 - 0x00007ffbd0b33000 	C:\jdk\jdk-12.0.1\bin\nio.dll
0x00007ffbafda0000 - 0x00007ffbaff3f000 	C:\jdk\jdk-12.0.1\bin\awt.dll
0x00007ffbe7220000 - 0x00007ffbe72e2000 	C:\WINDOWS\System32\OLEAUT32.dll
0x00007ffbe0630000 - 0x00007ffbe0bf7000 	C:\WINDOWS\SYSTEM32\d2d1.dll
0x00007ffbe1500000 - 0x00007ffbe158b000 	C:\WINDOWS\SYSTEM32\apphelp.dll
0x00007ffbe1ab0000 - 0x00007ffbe1b48000 	C:\WINDOWS\system32\uxtheme.dll
0x00007ffbe6be0000 - 0x00007ffbe6d53000 	C:\WINDOWS\System32\MSCTF.dll
0x00007ffbe1e10000 - 0x00007ffbe1e39000 	C:\WINDOWS\system32\dwmapi.dll
0x00007ffbc0450000 - 0x00007ffbc0486000 	C:\WINDOWS\system32\IMGSF50Filter_x64.dll
0x00007ffbe6f90000 - 0x00007ffbe70e1000 	C:\WINDOWS\System32\ole32.dll
0x000000006c5b0000 - 0x000000006c653000 	C:\WINDOWS\WinSxS\amd64_microsoft.vc90.crt_1fc8b3b9a1e18e3b_9.0.30729.9415_none_08e0c10ba840a28a\MSVCR90.dll
0x000000006c4d0000 - 0x000000006c5a3000 	C:\WINDOWS\WinSxS\amd64_microsoft.vc90.crt_1fc8b3b9a1e18e3b_9.0.30729.9415_none_08e0c10ba840a28a\MSVCP90.dll
0x00007ffbbfef0000 - 0x00007ffbc0010000 	C:\WINDOWS\SYSTEM32\Opengl32.dll
0x00007ffbc0400000 - 0x00007ffbc042c000 	C:\WINDOWS\SYSTEM32\GLU32.dll
0x00007ffbc7910000 - 0x00007ffbc7aa7000 	C:\WINDOWS\system32\d3d9.dll
0x00007ffbcf400000 - 0x00007ffbcf4ee000 	C:\WINDOWS\System32\DriverStore\FileRepository\nv_dispi.inf_amd64_b49751b9038af669\nvldumdx.dll
0x00007ffbe48a0000 - 0x00007ffbe4a82000 	C:\WINDOWS\System32\crypt32.dll
0x00007ffbe39c0000 - 0x00007ffbe39d2000 	C:\WINDOWS\System32\MSASN1.dll
0x00007ffbe4000000 - 0x00007ffbe4057000 	C:\WINDOWS\System32\WINTRUST.DLL
0x00007ffbe6e50000 - 0x00007ffbe6e6d000 	C:\WINDOWS\System32\imagehlp.dll
0x00007ffbe3390000 - 0x00007ffbe33a7000 	C:\WINDOWS\SYSTEM32\CRYPTSP.dll
0x00007ffbe2dd0000 - 0x00007ffbe2e03000 	C:\WINDOWS\system32\rsaenh.dll
0x00007ffbe34c0000 - 0x00007ffbe34e5000 	C:\WINDOWS\SYSTEM32\bcrypt.dll
0x00007ffb8c1d0000 - 0x00007ffb8d669000 	C:\WINDOWS\System32\DriverStore\FileRepository\nv_dispi.inf_amd64_b49751b9038af669\nvd3dumx.dll
0x00007ffba3fc0000 - 0x00007ffba4272000 	C:\WINDOWS\system32\nvspcap64.dll
0x00007ffbe2a60000 - 0x00007ffbe2a91000 	C:\WINDOWS\SYSTEM32\ntmarta.dll
0x00007ffbe26b0000 - 0x00007ffbe26d2000 	C:\WINDOWS\SYSTEM32\gpapi.dll
0x00007ffbd6e90000 - 0x00007ffbd6ebe000 	C:\WINDOWS\SYSTEM32\cryptnet.dll
0x00007ffbcb990000 - 0x00007ffbcba10000 	C:\jdk\jdk-12.0.1\bin\freetype.dll
0x00007ffbc7ce0000 - 0x00007ffbc7d4f000 	C:\jdk\jdk-12.0.1\bin\fontmanager.dll
0x0000000010000000 - 0x000000001005a000 	D:\firewatch\drone\MultiWii_2_4\MultiWiiConf\application.windows64\jogl.dll
0x000000006ae10000 - 0x000000006aed9000 	C:\WINDOWS\WinSxS\amd64_microsoft.vc80.crt_1fc8b3b9a1e18e3b_8.0.50727.9445_none_88df21dd2faf7c49\MSVCR80.dll
0x00007ffbd7ed0000 - 0x00007ffbd7ed7000 	C:\jdk\jdk-12.0.1\bin\jawt.dll
0x0000000000450000 - 0x0000000000457000 	D:\firewatch\drone\MultiWii_2_4\MultiWiiConf\application.windows64\jogl_awt.dll
0x00007ffbd9690000 - 0x00007ffbd9726000 	C:\WINDOWS\System32\TextInputFramework.dll
0x00007ffbd92f0000 - 0x00007ffbd960e000 	C:\WINDOWS\System32\CoreUIComponents.dll
0x00007ffbe0fc0000 - 0x00007ffbe109a000 	C:\WINDOWS\System32\CoreMessaging.dll
0x00007ffbdbda0000 - 0x00007ffbdbeed000 	C:\WINDOWS\SYSTEM32\wintypes.dll
0x00000000680e0000 - 0x000000006a826000 	C:\WINDOWS\System32\DriverStore\FileRepository\nv_dispi.inf_amd64_b49751b9038af669\nvoglv64.dll
0x00000218df440000 - 0x00000218df88b000 	C:\WINDOWS\System32\SETUPAPI.dll
0x00007ffbdfb90000 - 0x00007ffbdfba3000 	C:\WINDOWS\SYSTEM32\WTSAPI32.dll
0x00007ffbe3770000 - 0x00007ffbe3797000 	C:\WINDOWS\SYSTEM32\DEVOBJ.dll
0x00007ffbe5f20000 - 0x00007ffbe5fc0000 	C:\WINDOWS\System32\clbcatq.dll
0x00007ffbc6a60000 - 0x00007ffbc6b31000 	C:\Windows\System32\IME\IMEKR\imkrtip.dll
0x00007ffbe2470000 - 0x00007ffbe2624000 	C:\WINDOWS\SYSTEM32\PROPSYS.dll
0x00007ffbc6900000 - 0x00007ffbc6a56000 	C:\Windows\System32\IME\shared\imetip.dll
0x00007ffbc4fd0000 - 0x00007ffbc517b000 	C:\WINDOWS\SYSTEM32\DUI70.dll
0x00007ffbc57e0000 - 0x00007ffbc584b000 	C:\WINDOWS\SYSTEM32\OLEACC.dll
0x00007ffbc68c0000 - 0x00007ffbc68fd000 	C:\Windows\System32\IME\IMEKR\imkrapi.dll
0x00007ffbc6880000 - 0x00007ffbc68c0000 	C:\Windows\System32\IME\shared\imjkapi.dll
0x00007ffbe2ad0000 - 0x00007ffbe2b26000 	C:\WINDOWS\SYSTEM32\WINSTA.dll
0x0000000180000000 - 0x0000000180025000 	D:\firewatch\drone\MultiWii_2_4\MultiWiiConf\application.windows64\rxtxSerial.dll

dbghelp: loaded successfully - version: 4.0.5 - missing functions: none
symbol engine: initialized successfully - sym options: 0x614 - pdb path: .;C:\jdk\jdk-12.0.1\bin;C:\WINDOWS\SYSTEM32;C:\WINDOWS\WinSxS\amd64_microsoft.windows.common-controls_6595b64144ccf1df_6.0.17134.829_none_fb46a5473061b9d5;C:\jdk\jdk-12.0.1\bin\server;C:\WINDOWS\WinSxS\amd64_microsoft.vc90.crt_1fc8b3b9a1e18e3b_9.0.30729.9415_none_08e0c10ba840a28a;C:\WINDOWS\System32\DriverStore\FileRepository\nv_dispi.inf_amd64_b49751b9038af669;D:\firewatch\drone\MultiWii_2_4\MultiWiiConf\application.windows64;C:\WINDOWS\WinSxS\amd64_microsoft.vc80.crt_1fc8b3b9a1e18e3b_8.0.50727.9445_none_88df21dd2faf7c49;C:\Windows\System32\IME\IMEKR;C:\Windows\System32\IME\shared

VM Arguments:
java_command: MultiWiiConf
java_class_path (initial): D:\firewatch\drone\MultiWii_2_4\MultiWiiConf\application.windows64\lib\MultiWiiConf.jar;D:\firewatch\drone\MultiWii_2_4\MultiWiiConf\application.windows64\lib\core.jar;D:\firewatch\drone\MultiWii_2_4\MultiWiiConf\application.windows64\lib\RXTXcomm.jar;D:\firewatch\drone\MultiWii_2_4\MultiWiiConf\application.windows64\lib\serial.jar;D:\firewatch\drone\MultiWii_2_4\MultiWiiConf\application.windows64\lib\controlP5.jar;D:\firewatch\drone\MultiWii_2_4\MultiWiiConf\application.windows64\lib\controlP5_ori.jar;D:\firewatch\drone\MultiWii_2_4\MultiWiiConf\application.windows64\lib\gluegen-rt.jar;D:\firewatch\drone\MultiWii_2_4\MultiWiiConf\application.windows64\lib\jogl.jar;D:\firewatch\drone\MultiWii_2_4\MultiWiiConf\application.windows64\lib\opengl.jar
Launcher Type: SUN_STANDARD

[Global flags]
     intx CICompilerCount                          = 4                                         {product} {ergonomic}
     uint ConcGCThreads                            = 2                                         {product} {ergonomic}
     uint G1ConcRefinementThreads                  = 8                                         {product} {ergonomic}
   size_t G1HeapRegionSize                         = 1048576                                   {product} {ergonomic}
    uintx GCDrainStackTargetSize                   = 64                                        {product} {ergonomic}
   size_t InitialHeapSize                          = 268435456                                 {product} {ergonomic}
   size_t MarkStackSize                            = 4194304                                   {product} {ergonomic}
   size_t MaxHeapSize                              = 4282384384                                {product} {ergonomic}
   size_t MaxNewSize                               = 2569011200                                {product} {ergonomic}
   size_t MinHeapDeltaBytes                        = 1048576                                   {product} {ergonomic}
    uintx NonNMethodCodeHeapSize                   = 5836300                                {pd product} {ergonomic}
    uintx NonProfiledCodeHeapSize                  = 122910970                              {pd product} {ergonomic}
    uintx ProfiledCodeHeapSize                     = 122910970                              {pd product} {ergonomic}
    uintx ReservedCodeCacheSize                    = 251658240                              {pd product} {ergonomic}
     bool SegmentedCodeCache                       = true                                      {product} {ergonomic}
     bool UseCompressedClassPointers               = true                                 {lp64_product} {ergonomic}
     bool UseCompressedOops                        = true                                 {lp64_product} {ergonomic}
     bool UseG1GC                                  = true                                      {product} {ergonomic}
     bool UseLargePagesIndividualAllocation        = false                                  {pd product} {ergonomic}

Logging:
Log output configuration:
 #0: stdout all=warning uptime,level,tags
 #1: stderr all=off uptime,level,tags

Environment Variables:
JAVA_HOME=C:\Program Files\Java\jdk1.8.0_144
CLASSPATH=D:\firewatch\drone\MultiWii_2_4\MultiWiiConf\application.windows64\lib\MultiWiiConf.jar;D:\firewatch\drone\MultiWii_2_4\MultiWiiConf\application.windows64\lib\core.jar;D:\firewatch\drone\MultiWii_2_4\MultiWiiConf\application.windows64\lib\RXTXcomm.jar;D:\firewatch\drone\MultiWii_2_4\MultiWiiConf\application.windows64\lib\serial.jar;D:\firewatch\drone\MultiWii_2_4\MultiWiiConf\application.windows64\lib\controlP5.jar;D:\firewatch\drone\MultiWii_2_4\MultiWiiConf\application.windows64\lib\controlP5_ori.jar;D:\firewatch\drone\MultiWii_2_4\MultiWiiConf\application.windows64\lib\gluegen-rt.jar;D:\firewatch\drone\MultiWii_2_4\MultiWiiConf\application.windows64\lib\jogl.jar;D:\firewatch\drone\MultiWii_2_4\MultiWiiConf\application.windows64\lib\opengl.jar
PATH=C:\Program Files\Internet Explorer;C:\Program Files\NVIDIA GPU Computing Toolkit\CUDA\v10.0\bin;C:\Program Files\NVIDIA GPU Computing Toolkit\CUDA\v10.0\libnvvp;c:\program files (x86)\intel\icls client;c:\program files\intel\icls client;c:\windows\system32;c:\windows;c:\windows\system32\wbem;c:\windows\system32\windowspowershell\v1.0;c:\program files (x86)\microsoft sdks\typescript\1.0;c:\program files\intel\intel(r) management engine components\dal;c:\program files (x86)\intel\intel(r) management engine components\dal;c:\program files\intel\intel(r) management engine components\ipt;c:\program files (x86)\intel\intel(r) management engine components\ipt;C:\Program Files (x86)\NVIDIA Corporation\PhysX\Common;C:\Program Files\Git\cmd;C:\WINDOWS\system32;C:\WINDOWS;C:\WINDOWS\System32\Wbem;C:\WINDOWS\System32\WindowsPowerShell\v1.0;C:\Program Files (x86)\Common Files\Acronis\SnapAPI;C:\Program Files\nodejs;C:\Program Files\NVIDIA Corporation\NVIDIA NvDLISR;C:\Users\CypressRH\AppData\Local\Microsoft\WindowsApps;C:\Users\CypressRH\Anaconda3;C:\Users\CypressRH\Anaconda3\Scripts;C:\Users\CypressRH\Anaconda3\Library\bin;C:\Users\CypressRH\AppData\Roaming\npm;C:\jdk\jdk-12.0.1\bin;C:\Program Files\PuTTY;C:\Users\CypressRH\AppData\Local\Microsoft\WindowsApps;C:\Users\CypressRH\Anaconda3;C:\Users\CypressRH\Anaconda3\Scripts;C:\Users\CypressRH\Anaconda3\Library\bin;C:\Users\CypressRH\AppData\Roaming\npm
USERNAME=CypressRH
OS=Windows_NT
PROCESSOR_IDENTIFIER=Intel64 Family 6 Model 60 Stepping 3, GenuineIntel



---------------  S Y S T E M  ---------------

OS: Windows 10 , 64 bit Build 17134 (10.0.17134.753)

CPU:total 8 (initial active 8) (4 cores per cpu, 2 threads per core) family 6 model 60 stepping 3, cmov, cx8, fxsr, mmx, sse, sse2, sse3, ssse3, sse4.1, sse4.2, popcnt, avx, avx2, aes, clmul, erms, lzcnt, ht, tsc, tscinvbit, bmi1, bmi2, fma

Memory: 4k page, system-wide physical 16333M (10181M free)
TotalPageFile size 17357M (AvailPageFile size 7943M)
current process WorkingSet (physical memory assigned to process): 246M, peak: 246M
current process commit charge ("private bytes"): 469M, peak: 469M

vm_info: Java HotSpot(TM) 64-Bit Server VM (12.0.1+12) for windows-amd64 JRE (12.0.1+12), built on Apr  2 2019 14:02:19 by "mach5one" with MS VC++ 15.5 (VS2017)

END.
